1 Uncaught Error: Call to undefined method watchfulli\XClonerCore\Xcloner_File_System::directory() in /var/www/html/wp-content/plugins/xcloner/vendor/watchfulli/xcloner-core/src/Xcloner_Api.php:546
Stack trace:
#0 /var/www/html/wp-includes/class-wp-hook.php(292): watchfulli\XClonerCore\Xcloner_Api->get_file_system_action('')
#1 /var/www/html/wp-includes/class-wp-hook.php(316): WP_Hook->apply_filters('', Array)
#2 /var/www/html/wp-includes/plugin.php(484): WP_Hook->do_action(Array)
#3 /var/www/html/wp-admin/admin-ajax.php(187): do_action('wp_ajax_get_fil...')
#4 {main}
  thrown /var/www/html/wp-content/plugins/xcloner/vendor/watchfulli/xcloner-core/src/Xcloner_Api.php:5461 Uncaught Error: Call to undefined method watchfulli\XClonerCore\Xcloner_File_System::directory() in /var/www/html/wp-content/plugins/xcloner/vendor/watchfulli/xcloner-core/src/Xcloner_Api.php:546
Stack trace:
#0 /var/www/html/wp-includes/class-wp-hook.php(292): watchfulli\XClonerCore\Xcloner_Api->get_file_system_action('')
#1 /var/www/html/wp-includes/class-wp-hook.php(316): WP_Hook->apply_filters('', Array)
#2 /var/www/html/wp-includes/plugin.php(484): WP_Hook->do_action(Array)
#3 /var/www/html/wp-admin/admin-ajax.php(187): do_action('wp_ajax_get_fil...')
#4 {main}
  thrown /var/www/html/wp-content/plugins/xcloner/vendor/watchfulli/xcloner-core/src/Xcloner_Api.php:5461 Uncaught Error: Call to undefined method watchfulli\XClonerCore\Xcloner_File_System::directory() in /var/www/html/wp-content/plugins/xcloner/vendor/watchfulli/xcloner-core/src/Xcloner_Api.php:546
Stack trace:
#0 /var/www/html/wp-includes/class-wp-hook.php(292): watchfulli\XClonerCore\Xcloner_Api->get_file_system_action('')
#1 /var/www/html/wp-includes/class-wp-hook.php(316): WP_Hook->apply_filters('', Array)
#2 /var/www/html/wp-includes/plugin.php(484): WP_Hook->do_action(Array)
#3 /var/www/html/wp-admin/admin-ajax.php(187): do_action('wp_ajax_get_fil...')
#4 {main}
  thrown /var/www/html/wp-content/plugins/xcloner/vendor/watchfulli/xcloner-core/src/Xcloner_Api.php:5461 Uncaught Error: Call to undefined method watchfulli\XClonerCore\Xcloner_File_System::directory() in /var/www/html/wp-content/plugins/xcloner/vendor/watchfulli/xcloner-core/src/Xcloner_Api.php:546
Stack trace:
#0 /var/www/html/wp-includes/class-wp-hook.php(292): watchfulli\XClonerCore\Xcloner_Api->get_file_system_action('')
#1 /var/www/html/wp-includes/class-wp-hook.php(316): WP_Hook->apply_filters('', Array)
#2 /var/www/html/wp-includes/plugin.php(484): WP_Hook->do_action(Array)
#3 /var/www/html/wp-admin/admin-ajax.php(187): do_action('wp_ajax_get_fil...')
#4 {main}
  thrown /var/www/html/wp-content/plugins/xcloner/vendor/watchfulli/xcloner-core/src/Xcloner_Api.php:5461 Uncaught Error: Call to undefined method watchfulli\XClonerCore\Xcloner_File_System::directory() in /var/www/html/wp-content/plugins/xcloner/vendor/watchfulli/xcloner-core/src/Xcloner_Api.php:546
Stack trace:
#0 /var/www/html/wp-includes/class-wp-hook.php(292): watchfulli\XClonerCore\Xcloner_Api->get_file_system_action('')
#1 /var/www/html/wp-includes/class-wp-hook.php(316): WP_Hook->apply_filters('', Array)
#2 /var/www/html/wp-includes/plugin.php(484): WP_Hook->do_action(Array)
#3 /var/www/html/wp-admin/admin-ajax.php(187): do_action('wp_ajax_get_fil...')
#4 {main}
  thrown /var/www/html/wp-content/plugins/xcloner/vendor/watchfulli/xcloner-core/src/Xcloner_Api.php:5461 Uncaught Error: Call to undefined method watchfulli\XClonerCore\Xcloner_File_System::directory() in /var/www/html/wp-content/plugins/xcloner/vendor/watchfulli/xcloner-core/src/Xcloner_Api.php:546
Stack trace:
#0 /var/www/html/wp-includes/class-wp-hook.php(292): watchfulli\XClonerCore\Xcloner_Api->get_file_system_action('')
#1 /var/www/html/wp-includes/class-wp-hook.php(316): WP_Hook->apply_filters('', Array)
#2 /var/www/html/wp-includes/plugin.php(484): WP_Hook->do_action(Array)
#3 /var/www/html/wp-admin/admin-ajax.php(187): do_action('wp_ajax_get_fil...')
#4 {main}
  thrown /var/www/html/wp-content/plugins/xcloner/vendor/watchfulli/xcloner-core/src/Xcloner_Api.php:5461 Uncaught Error: Call to undefined method watchfulli\XClonerCore\Xcloner_File_System::directory() in /var/www/html/wp-content/plugins/xcloner/vendor/watchfulli/xcloner-core/src/Xcloner_Api.php:546
Stack trace:
#0 /var/www/html/wp-includes/class-wp-hook.php(292): watchfulli\XClonerCore\Xcloner_Api->get_file_system_action('')
#1 /var/www/html/wp-includes/class-wp-hook.php(316): WP_Hook->apply_filters('', Array)
#2 /var/www/html/wp-includes/plugin.php(484): WP_Hook->do_action(Array)
#3 /var/www/html/wp-admin/admin-ajax.php(187): do_action('wp_ajax_get_fil...')
#4 {main}
  thrown /var/www/html/wp-content/plugins/xcloner/vendor/watchfulli/xcloner-core/src/Xcloner_Api.php:546